Determining if the pthread_create exist failed with the following output:
Change Dir: /home/tly/myProgram/cudaProgram/GaussianSmooth/Optim2GaussianSmooth/build/CMakeFiles/CMakeTmp

Run Build Command:"/usr/bin/make" "cmTC_21b17/fast"
/usr/bin/make -f CMakeFiles/cmTC_21b17.dir/build.make CMakeFiles/cmTC_21b17.dir/build
make[1]: Entering directory '/home/tly/myProgram/cudaProgram/GaussianSmooth/Optim2GaussianSmooth/build/CMakeFiles/CMakeTmp'
Building C object CMakeFiles/cmTC_21b17.dir/CheckSymbolExists.c.o
/usr/bin/cc   -fPIC    -o CMakeFiles/cmTC_21b17.dir/CheckSymbolExists.c.o   -c /home/tly/myProgram/cudaProgram/GaussianSmooth/Optim2GaussianSmooth/build/CMakeFiles/CMakeTmp/CheckSymbolExists.c
Linking C executable cmTC_21b17
/usr/local/bin/cmake -E cmake_link_script CMakeFiles/cmTC_21b17.dir/link.txt --verbose=1
/usr/bin/cc -fPIC     -rdynamic CMakeFiles/cmTC_21b17.dir/CheckSymbolExists.c.o  -o cmTC_21b17 
CMakeFiles/cmTC_21b17.dir/CheckSymbolExists.c.o: In function `main':
CheckSymbolExists.c:(.text+0x1b): undefined reference to `pthread_create'
collect2: error: ld returned 1 exit status
CMakeFiles/cmTC_21b17.dir/build.make:97: recipe for target 'cmTC_21b17' failed
make[1]: *** [cmTC_21b17] Error 1
make[1]: Leaving directory '/home/tly/myProgram/cudaProgram/GaussianSmooth/Optim2GaussianSmooth/build/CMakeFiles/CMakeTmp'
Makefile:126: recipe for target 'cmTC_21b17/fast' failed
make: *** [cmTC_21b17/fast] Error 2

File /home/tly/myProgram/cudaProgram/GaussianSmooth/Optim2GaussianSmooth/build/CMakeFiles/CMakeTmp/CheckSymbolExists.c:
/* */
#include <pthread.h>

int main(int argc, char** argv)
{
  (void)argv;
#ifndef pthread_create
  return ((int*)(&pthread_create))[argc];
#else
  (void)argc;
  return 0;
#endif
}

Determining if the function pthread_create exists in the pthreads failed with the following output:
Change Dir: /home/tly/myProgram/cudaProgram/GaussianSmooth/Optim2GaussianSmooth/build/CMakeFiles/CMakeTmp

Run Build Command:"/usr/bin/make" "cmTC_c10b2/fast"
/usr/bin/make -f CMakeFiles/cmTC_c10b2.dir/build.make CMakeFiles/cmTC_c10b2.dir/build
make[1]: Entering directory '/home/tly/myProgram/cudaProgram/GaussianSmooth/Optim2GaussianSmooth/build/CMakeFiles/CMakeTmp'
Building C object CMakeFiles/cmTC_c10b2.dir/CheckFunctionExists.c.o
/usr/bin/cc   -fPIC -DCHECK_FUNCTION_EXISTS=pthread_create   -o CMakeFiles/cmTC_c10b2.dir/CheckFunctionExists.c.o   -c /usr/local/share/cmake-3.9/Modules/CheckFunctionExists.c
Linking C executable cmTC_c10b2
/usr/local/bin/cmake -E cmake_link_script CMakeFiles/cmTC_c10b2.dir/link.txt --verbose=1
/usr/bin/cc -fPIC -DCHECK_FUNCTION_EXISTS=pthread_create    -rdynamic CMakeFiles/cmTC_c10b2.dir/CheckFunctionExists.c.o  -o cmTC_c10b2 -lpthreads 
/usr/bin/ld: cannot find -lpthreads
collect2: error: ld returned 1 exit status
CMakeFiles/cmTC_c10b2.dir/build.make:97: recipe for target 'cmTC_c10b2' failed
make[1]: *** [cmTC_c10b2] Error 1
make[1]: Leaving directory '/home/tly/myProgram/cudaProgram/GaussianSmooth/Optim2GaussianSmooth/build/CMakeFiles/CMakeTmp'
Makefile:126: recipe for target 'cmTC_c10b2/fast' failed
make: *** [cmTC_c10b2/fast] Error 2


