Determining if the pthread_create exist failed with the following output:
Change Dir: /home/tly/myProgram/cudaProgram/DeepInShallowOut/SquareSum/Optim4SquareSum/build/CMakeFiles/CMakeTmp

Run Build Command:"/usr/bin/make" "cmTC_bd8ff/fast"
/usr/bin/make -f CMakeFiles/cmTC_bd8ff.dir/build.make CMakeFiles/cmTC_bd8ff.dir/build
make[1]: Entering directory '/home/tly/myProgram/cudaProgram/DeepInShallowOut/SquareSum/Optim4SquareSum/build/CMakeFiles/CMakeTmp'
Building C object CMakeFiles/cmTC_bd8ff.dir/CheckSymbolExists.c.o
/usr/bin/cc   -fPIC    -o CMakeFiles/cmTC_bd8ff.dir/CheckSymbolExists.c.o   -c /home/tly/myProgram/cudaProgram/DeepInShallowOut/SquareSum/Optim4SquareSum/build/CMakeFiles/CMakeTmp/CheckSymbolExists.c
Linking C executable cmTC_bd8ff
/usr/local/bin/cmake -E cmake_link_script CMakeFiles/cmTC_bd8ff.dir/link.txt --verbose=1
/usr/bin/cc -fPIC     -rdynamic CMakeFiles/cmTC_bd8ff.dir/CheckSymbolExists.c.o  -o cmTC_bd8ff 
CMakeFiles/cmTC_bd8ff.dir/CheckSymbolExists.c.o: In function `main':
CheckSymbolExists.c:(.text+0x1b): undefined reference to `pthread_create'
collect2: error: ld returned 1 exit status
CMakeFiles/cmTC_bd8ff.dir/build.make:97: recipe for target 'cmTC_bd8ff' failed
make[1]: *** [cmTC_bd8ff] Error 1
make[1]: Leaving directory '/home/tly/myProgram/cudaProgram/DeepInShallowOut/SquareSum/Optim4SquareSum/build/CMakeFiles/CMakeTmp'
Makefile:126: recipe for target 'cmTC_bd8ff/fast' failed
make: *** [cmTC_bd8ff/fast] Error 2

File /home/tly/myProgram/cudaProgram/DeepInShallowOut/SquareSum/Optim4SquareSum/build/CMakeFiles/CMakeTmp/CheckSymbolExists.c:
/* */
#include <pthread.h>

int main(int argc, char** argv)
{
  (void)argv;
#ifndef pthread_create
  return ((int*)(&pthread_create))[argc];
#else
  (void)argc;
  return 0;
#endif
}

Determining if the function pthread_create exists in the pthreads failed with the following output:
Change Dir: /home/tly/myProgram/cudaProgram/DeepInShallowOut/SquareSum/Optim4SquareSum/build/CMakeFiles/CMakeTmp

Run Build Command:"/usr/bin/make" "cmTC_c1fe9/fast"
/usr/bin/make -f CMakeFiles/cmTC_c1fe9.dir/build.make CMakeFiles/cmTC_c1fe9.dir/build
make[1]: Entering directory '/home/tly/myProgram/cudaProgram/DeepInShallowOut/SquareSum/Optim4SquareSum/build/CMakeFiles/CMakeTmp'
Building C object CMakeFiles/cmTC_c1fe9.dir/CheckFunctionExists.c.o
/usr/bin/cc   -fPIC -DCHECK_FUNCTION_EXISTS=pthread_create   -o CMakeFiles/cmTC_c1fe9.dir/CheckFunctionExists.c.o   -c /usr/local/share/cmake-3.9/Modules/CheckFunctionExists.c
Linking C executable cmTC_c1fe9
/usr/local/bin/cmake -E cmake_link_script CMakeFiles/cmTC_c1fe9.dir/link.txt --verbose=1
/usr/bin/cc -fPIC -DCHECK_FUNCTION_EXISTS=pthread_create    -rdynamic CMakeFiles/cmTC_c1fe9.dir/CheckFunctionExists.c.o  -o cmTC_c1fe9 -lpthreads 
/usr/bin/ld: cannot find -lpthreads
collect2: error: ld returned 1 exit status
CMakeFiles/cmTC_c1fe9.dir/build.make:97: recipe for target 'cmTC_c1fe9' failed
make[1]: *** [cmTC_c1fe9] Error 1
make[1]: Leaving directory '/home/tly/myProgram/cudaProgram/DeepInShallowOut/SquareSum/Optim4SquareSum/build/CMakeFiles/CMakeTmp'
Makefile:126: recipe for target 'cmTC_c1fe9/fast' failed
make: *** [cmTC_c1fe9/fast] Error 2


