Determining if the pthread_create exist failed with the following output:
Change Dir: /home/tly/myProgram/cudaProgram/GaussianSmooth/NormalGaussianSmooth/build/CMakeFiles/CMakeTmp

Run Build Command:"/usr/bin/make" "cmTC_66ada/fast"
/usr/bin/make -f CMakeFiles/cmTC_66ada.dir/build.make CMakeFiles/cmTC_66ada.dir/build
make[1]: Entering directory '/home/tly/myProgram/cudaProgram/GaussianSmooth/NormalGaussianSmooth/build/CMakeFiles/CMakeTmp'
Building C object CMakeFiles/cmTC_66ada.dir/CheckSymbolExists.c.o
/usr/bin/cc   -fPIC    -o CMakeFiles/cmTC_66ada.dir/CheckSymbolExists.c.o   -c /home/tly/myProgram/cudaProgram/GaussianSmooth/NormalGaussianSmooth/build/CMakeFiles/CMakeTmp/CheckSymbolExists.c
Linking C executable cmTC_66ada
/usr/local/bin/cmake -E cmake_link_script CMakeFiles/cmTC_66ada.dir/link.txt --verbose=1
/usr/bin/cc -fPIC     -rdynamic CMakeFiles/cmTC_66ada.dir/CheckSymbolExists.c.o  -o cmTC_66ada 
CMakeFiles/cmTC_66ada.dir/CheckSymbolExists.c.o: In function `main':
CheckSymbolExists.c:(.text+0x1b): undefined reference to `pthread_create'
collect2: error: ld returned 1 exit status
CMakeFiles/cmTC_66ada.dir/build.make:97: recipe for target 'cmTC_66ada' failed
make[1]: *** [cmTC_66ada] Error 1
make[1]: Leaving directory '/home/tly/myProgram/cudaProgram/GaussianSmooth/NormalGaussianSmooth/build/CMakeFiles/CMakeTmp'
Makefile:126: recipe for target 'cmTC_66ada/fast' failed
make: *** [cmTC_66ada/fast] Error 2

File /home/tly/myProgram/cudaProgram/GaussianSmooth/NormalGaussianSmooth/build/CMakeFiles/CMakeTmp/CheckSymbolExists.c:
/* */
#include <pthread.h>

int main(int argc, char** argv)
{
  (void)argv;
#ifndef pthread_create
  return ((int*)(&pthread_create))[argc];
#else
  (void)argc;
  return 0;
#endif
}

Determining if the function pthread_create exists in the pthreads failed with the following output:
Change Dir: /home/tly/myProgram/cudaProgram/GaussianSmooth/NormalGaussianSmooth/build/CMakeFiles/CMakeTmp

Run Build Command:"/usr/bin/make" "cmTC_76258/fast"
/usr/bin/make -f CMakeFiles/cmTC_76258.dir/build.make CMakeFiles/cmTC_76258.dir/build
make[1]: Entering directory '/home/tly/myProgram/cudaProgram/GaussianSmooth/NormalGaussianSmooth/build/CMakeFiles/CMakeTmp'
Building C object CMakeFiles/cmTC_76258.dir/CheckFunctionExists.c.o
/usr/bin/cc   -fPIC -DCHECK_FUNCTION_EXISTS=pthread_create   -o CMakeFiles/cmTC_76258.dir/CheckFunctionExists.c.o   -c /usr/local/share/cmake-3.9/Modules/CheckFunctionExists.c
Linking C executable cmTC_76258
/usr/local/bin/cmake -E cmake_link_script CMakeFiles/cmTC_76258.dir/link.txt --verbose=1
/usr/bin/cc -fPIC -DCHECK_FUNCTION_EXISTS=pthread_create    -rdynamic CMakeFiles/cmTC_76258.dir/CheckFunctionExists.c.o  -o cmTC_76258 -lpthreads 
/usr/bin/ld: cannot find -lpthreads
collect2: error: ld returned 1 exit status
CMakeFiles/cmTC_76258.dir/build.make:97: recipe for target 'cmTC_76258' failed
make[1]: *** [cmTC_76258] Error 1
make[1]: Leaving directory '/home/tly/myProgram/cudaProgram/GaussianSmooth/NormalGaussianSmooth/build/CMakeFiles/CMakeTmp'
Makefile:126: recipe for target 'cmTC_76258/fast' failed
make: *** [cmTC_76258/fast] Error 2


