Determining if the pthread_create exist failed with the following output:
Change Dir: /home/tly/myProgram/cudaProgram/GaussianSmooth/Optim1GaussianSmooth/build/CMakeFiles/CMakeTmp

Run Build Command:"/usr/bin/make" "cmTC_87ab7/fast"
/usr/bin/make -f CMakeFiles/cmTC_87ab7.dir/build.make CMakeFiles/cmTC_87ab7.dir/build
make[1]: Entering directory '/home/tly/myProgram/cudaProgram/GaussianSmooth/Optim1GaussianSmooth/build/CMakeFiles/CMakeTmp'
Building C object CMakeFiles/cmTC_87ab7.dir/CheckSymbolExists.c.o
/usr/bin/cc   -fPIC    -o CMakeFiles/cmTC_87ab7.dir/CheckSymbolExists.c.o   -c /home/tly/myProgram/cudaProgram/GaussianSmooth/Optim1GaussianSmooth/build/CMakeFiles/CMakeTmp/CheckSymbolExists.c
Linking C executable cmTC_87ab7
/usr/local/bin/cmake -E cmake_link_script CMakeFiles/cmTC_87ab7.dir/link.txt --verbose=1
/usr/bin/cc -fPIC     -rdynamic CMakeFiles/cmTC_87ab7.dir/CheckSymbolExists.c.o  -o cmTC_87ab7 
CMakeFiles/cmTC_87ab7.dir/CheckSymbolExists.c.o: In function `main':
CheckSymbolExists.c:(.text+0x1b): undefined reference to `pthread_create'
collect2: error: ld returned 1 exit status
CMakeFiles/cmTC_87ab7.dir/build.make:97: recipe for target 'cmTC_87ab7' failed
make[1]: *** [cmTC_87ab7] Error 1
make[1]: Leaving directory '/home/tly/myProgram/cudaProgram/GaussianSmooth/Optim1GaussianSmooth/build/CMakeFiles/CMakeTmp'
Makefile:126: recipe for target 'cmTC_87ab7/fast' failed
make: *** [cmTC_87ab7/fast] Error 2

File /home/tly/myProgram/cudaProgram/GaussianSmooth/Optim1GaussianSmooth/build/CMakeFiles/CMakeTmp/CheckSymbolExists.c:
/* */
#include <pthread.h>

int main(int argc, char** argv)
{
  (void)argv;
#ifndef pthread_create
  return ((int*)(&pthread_create))[argc];
#else
  (void)argc;
  return 0;
#endif
}

Determining if the function pthread_create exists in the pthreads failed with the following output:
Change Dir: /home/tly/myProgram/cudaProgram/GaussianSmooth/Optim1GaussianSmooth/build/CMakeFiles/CMakeTmp

Run Build Command:"/usr/bin/make" "cmTC_f1dab/fast"
/usr/bin/make -f CMakeFiles/cmTC_f1dab.dir/build.make CMakeFiles/cmTC_f1dab.dir/build
make[1]: Entering directory '/home/tly/myProgram/cudaProgram/GaussianSmooth/Optim1GaussianSmooth/build/CMakeFiles/CMakeTmp'
Building C object CMakeFiles/cmTC_f1dab.dir/CheckFunctionExists.c.o
/usr/bin/cc   -fPIC -DCHECK_FUNCTION_EXISTS=pthread_create   -o CMakeFiles/cmTC_f1dab.dir/CheckFunctionExists.c.o   -c /usr/local/share/cmake-3.9/Modules/CheckFunctionExists.c
Linking C executable cmTC_f1dab
/usr/local/bin/cmake -E cmake_link_script CMakeFiles/cmTC_f1dab.dir/link.txt --verbose=1
/usr/bin/cc -fPIC -DCHECK_FUNCTION_EXISTS=pthread_create    -rdynamic CMakeFiles/cmTC_f1dab.dir/CheckFunctionExists.c.o  -o cmTC_f1dab -lpthreads 
/usr/bin/ld: cannot find -lpthreads
collect2: error: ld returned 1 exit status
CMakeFiles/cmTC_f1dab.dir/build.make:97: recipe for target 'cmTC_f1dab' failed
make[1]: *** [cmTC_f1dab] Error 1
make[1]: Leaving directory '/home/tly/myProgram/cudaProgram/GaussianSmooth/Optim1GaussianSmooth/build/CMakeFiles/CMakeTmp'
Makefile:126: recipe for target 'cmTC_f1dab/fast' failed
make: *** [cmTC_f1dab/fast] Error 2


